{"/Users/Alex/Documents/College/Senior Project/MatchPlay/MatchPlayUserAPI/src/app.js": {"path":"/Users/Alex/Documents/College/Senior Project/MatchPlay/MatchPlayUserAPI/src/app.js","statementMap":{"0":{"start":{"line":1,"column":16},"end":{"line":1,"column":34}},"1":{"start":{"line":2,"column":13},"end":{"line":2,"column":28}},"2":{"start":{"line":3,"column":19},"end":{"line":3,"column":41}},"3":{"start":{"line":5,"column":12},"end":{"line":5,"column":21}},"4":{"start":{"line":6,"column":0},"end":{"line":6,"column":16}},"5":{"start":{"line":7,"column":0},"end":{"line":7,"column":27}},"6":{"start":{"line":9,"column":19},"end":{"line":9,"column":50}},"7":{"start":{"line":11,"column":0},"end":{"line":13,"column":3}},"8":{"start":{"line":12,"column":2},"end":{"line":12,"column":42}},"9":{"start":{"line":15,"column":0},"end":{"line":15,"column":30}},"10":{"start":{"line":17,"column":0},"end":{"line":17,"column":21}}},"fnMap":{"0":{"name":"(anonymous_0)","decl":{"start":{"line":11,"column":13},"end":{"line":11,"column":14}},"loc":{"start":{"line":11,"column":27},"end":{"line":13,"column":1}},"line":11}},"branchMap":{},"s":{"0":1,"1":1,"2":1,"3":1,"4":1,"5":1,"6":1,"7":1,"8":0,"9":1,"10":1},"f":{"0":0},"b":{},"_coverageSchema":"1a1c01bbd47fc00a2c39e90264f33305004495a9","hash":"bbe01d6f4771e8783f0fa94570485eb693783d2a"}
,"/Users/Alex/Documents/College/Senior Project/MatchPlay/MatchPlayUserAPI/src/controllers/users.controller.js": {"path":"/Users/Alex/Documents/College/Senior Project/MatchPlay/MatchPlayUserAPI/src/controllers/users.controller.js","statementMap":{"0":{"start":{"line":4,"column":4},"end":{"line":4,"column":46}},"1":{"start":{"line":5,"column":11},"end":{"line":5,"column":47}},"2":{"start":{"line":7,"column":30},"end":{"line":15,"column":1}},"3":{"start":{"line":8,"column":2},"end":{"line":14,"column":3}},"4":{"start":{"line":9,"column":4},"end":{"line":9,"column":27}},"5":{"start":{"line":10,"column":17},"end":{"line":10,"column":52}},"6":{"start":{"line":11,"column":4},"end":{"line":11,"column":31}},"7":{"start":{"line":13,"column":4},"end":{"line":13,"column":32}},"8":{"start":{"line":17,"column":29},"end":{"line":25,"column":1}},"9":{"start":{"line":18,"column":2},"end":{"line":24,"column":3}},"10":{"start":{"line":19,"column":4},"end":{"line":19,"column":26}},"11":{"start":{"line":20,"column":4},"end":{"line":20,"column":43}},"12":{"start":{"line":21,"column":4},"end":{"line":21,"column":35}},"13":{"start":{"line":23,"column":4},"end":{"line":23,"column":32}},"14":{"start":{"line":26,"column":0},"end":{"line":29,"column":2}}},"fnMap":{"0":{"name":"(anonymous_0)","decl":{"start":{"line":7,"column":30},"end":{"line":7,"column":31}},"loc":{"start":{"line":7,"column":50},"end":{"line":15,"column":1}},"line":7},"1":{"name":"(anonymous_1)","decl":{"start":{"line":17,"column":29},"end":{"line":17,"column":30}},"loc":{"start":{"line":17,"column":49},"end":{"line":25,"column":1}},"line":17}},"branchMap":{},"s":{"0":1,"1":1,"2":1,"3":1,"4":1,"5":1,"6":1,"7":0,"8":1,"9":0,"10":0,"11":0,"12":0,"13":0,"14":1},"f":{"0":1,"1":0},"b":{},"_coverageSchema":"1a1c01bbd47fc00a2c39e90264f33305004495a9","hash":"3ae4b36dc2d7bf1fcc153bf098aba39d115b9abd"}
,"/Users/Alex/Documents/College/Senior Project/MatchPlay/MatchPlayUserAPI/src/models/users.model.js": {"path":"/Users/Alex/Documents/College/Senior Project/MatchPlay/MatchPlayUserAPI/src/models/users.model.js","statementMap":{"0":{"start":{"line":1,"column":17},"end":{"line":1,"column":36}},"1":{"start":{"line":3,"column":15},"end":{"line":3,"column":30}},"2":{"start":{"line":5,"column":19},"end":{"line":55,"column":1}},"3":{"start":{"line":57,"column":0},"end":{"line":57,"column":52}}},"fnMap":{},"branchMap":{},"s":{"0":1,"1":1,"2":1,"3":1},"f":{},"b":{},"_coverageSchema":"1a1c01bbd47fc00a2c39e90264f33305004495a9","hash":"4b2ca133158070349e59e72bf510c8de4827f42f"}
,"/Users/Alex/Documents/College/Senior Project/MatchPlay/MatchPlayUserAPI/src/repository/users.respository.js": {"path":"/Users/Alex/Documents/College/Senior Project/MatchPlay/MatchPlayUserAPI/src/repository/users.respository.js","statementMap":{"0":{"start":{"line":1,"column":13},"end":{"line":1,"column":45}},"1":{"start":{"line":3,"column":30},"end":{"line":5,"column":1}},"2":{"start":{"line":4,"column":2},"end":{"line":4,"column":31}},"3":{"start":{"line":7,"column":29},"end":{"line":9,"column":1}},"4":{"start":{"line":8,"column":2},"end":{"line":8,"column":26}},"5":{"start":{"line":11,"column":0},"end":{"line":14,"column":2}}},"fnMap":{"0":{"name":"(anonymous_0)","decl":{"start":{"line":3,"column":30},"end":{"line":3,"column":31}},"loc":{"start":{"line":3,"column":42},"end":{"line":5,"column":1}},"line":3},"1":{"name":"(anonymous_1)","decl":{"start":{"line":7,"column":29},"end":{"line":7,"column":30}},"loc":{"start":{"line":7,"column":45},"end":{"line":9,"column":1}},"line":7}},"branchMap":{},"s":{"0":1,"1":1,"2":1,"3":1,"4":0,"5":1},"f":{"0":1,"1":0},"b":{},"_coverageSchema":"1a1c01bbd47fc00a2c39e90264f33305004495a9","hash":"1b97e71d8501b9922358f6e145b51b6668f395c2"}
,"/Users/Alex/Documents/College/Senior Project/MatchPlay/MatchPlayUserAPI/src/routes/users.route.js": {"path":"/Users/Alex/Documents/College/Senior Project/MatchPlay/MatchPlayUserAPI/src/routes/users.route.js","statementMap":{"0":{"start":{"line":1,"column":16},"end":{"line":1,"column":34}},"1":{"start":{"line":6,"column":4},"end":{"line":6,"column":46}},"2":{"start":{"line":8,"column":15},"end":{"line":8,"column":31}},"3":{"start":{"line":10,"column":0},"end":{"line":10,"column":42}},"4":{"start":{"line":12,"column":0},"end":{"line":12,"column":39}},"5":{"start":{"line":14,"column":0},"end":{"line":14,"column":24}}},"fnMap":{},"branchMap":{},"s":{"0":1,"1":1,"2":1,"3":1,"4":1,"5":1},"f":{},"b":{},"_coverageSchema":"1a1c01bbd47fc00a2c39e90264f33305004495a9","hash":"d8664eec08884ba5158c131f102959ff6314dbbf"}
,"/Users/Alex/Documents/College/Senior Project/MatchPlay/MatchPlayUserAPI/src/services/users.service.js": {"path":"/Users/Alex/Documents/College/Senior Project/MatchPlay/MatchPlayUserAPI/src/services/users.service.js","statementMap":{"0":{"start":{"line":3,"column":4},"end":{"line":3,"column":22}},"1":{"start":{"line":5,"column":4},"end":{"line":5,"column":95}},"2":{"start":{"line":5,"column":75},"end":{"line":5,"column":94}},"3":{"start":{"line":6,"column":4},"end":{"line":6,"column":97}},"4":{"start":{"line":6,"column":77},"end":{"line":6,"column":96}},"5":{"start":{"line":7,"column":4},"end":{"line":7,"column":95}},"6":{"start":{"line":7,"column":75},"end":{"line":7,"column":94}},"7":{"start":{"line":8,"column":4},"end":{"line":8,"column":97}},"8":{"start":{"line":8,"column":77},"end":{"line":8,"column":96}},"9":{"start":{"line":10,"column":4},"end":{"line":10,"column":91}},"10":{"start":{"line":10,"column":71},"end":{"line":10,"column":90}},"11":{"start":{"line":11,"column":4},"end":{"line":11,"column":91}},"12":{"start":{"line":11,"column":71},"end":{"line":11,"column":90}},"13":{"start":{"line":12,"column":4},"end":{"line":12,"column":92}},"14":{"start":{"line":12,"column":72},"end":{"line":12,"column":91}},"15":{"start":{"line":13,"column":4},"end":{"line":13,"column":97}},"16":{"start":{"line":13,"column":75},"end":{"line":13,"column":96}},"17":{"start":{"line":14,"column":4},"end":{"line":14,"column":94}},"18":{"start":{"line":14,"column":74},"end":{"line":14,"column":93}},"19":{"start":{"line":16,"column":4},"end":{"line":16,"column":91}},"20":{"start":{"line":16,"column":71},"end":{"line":16,"column":90}},"21":{"start":{"line":17,"column":4},"end":{"line":17,"column":91}},"22":{"start":{"line":17,"column":71},"end":{"line":17,"column":90}},"23":{"start":{"line":18,"column":4},"end":{"line":18,"column":92}},"24":{"start":{"line":18,"column":72},"end":{"line":18,"column":91}},"25":{"start":{"line":19,"column":4},"end":{"line":19,"column":95}},"26":{"start":{"line":19,"column":75},"end":{"line":19,"column":94}},"27":{"start":{"line":20,"column":4},"end":{"line":20,"column":96}},"28":{"start":{"line":20,"column":74},"end":{"line":20,"column":95}},"29":{"start":{"line":22,"column":4},"end":{"line":22,"column":92}},"30":{"start":{"line":22,"column":72},"end":{"line":22,"column":91}},"31":{"start":{"line":23,"column":4},"end":{"line":23,"column":92}},"32":{"start":{"line":23,"column":72},"end":{"line":23,"column":91}},"33":{"start":{"line":24,"column":4},"end":{"line":24,"column":93}},"34":{"start":{"line":24,"column":73},"end":{"line":24,"column":92}},"35":{"start":{"line":25,"column":4},"end":{"line":25,"column":96}},"36":{"start":{"line":25,"column":76},"end":{"line":25,"column":95}},"37":{"start":{"line":26,"column":4},"end":{"line":26,"column":95}},"38":{"start":{"line":26,"column":75},"end":{"line":26,"column":94}},"39":{"start":{"line":28,"column":4},"end":{"line":28,"column":97}},"40":{"start":{"line":28,"column":75},"end":{"line":28,"column":96}},"41":{"start":{"line":29,"column":4},"end":{"line":29,"column":95}},"42":{"start":{"line":29,"column":75},"end":{"line":29,"column":94}},"43":{"start":{"line":30,"column":4},"end":{"line":30,"column":96}},"44":{"start":{"line":30,"column":76},"end":{"line":30,"column":95}},"45":{"start":{"line":31,"column":4},"end":{"line":31,"column":99}},"46":{"start":{"line":31,"column":79},"end":{"line":31,"column":98}},"47":{"start":{"line":32,"column":4},"end":{"line":32,"column":98}},"48":{"start":{"line":32,"column":78},"end":{"line":32,"column":97}},"49":{"start":{"line":34,"column":4},"end":{"line":34,"column":94}},"50":{"start":{"line":34,"column":74},"end":{"line":34,"column":93}},"51":{"start":{"line":35,"column":4},"end":{"line":35,"column":96}},"52":{"start":{"line":35,"column":74},"end":{"line":35,"column":95}},"53":{"start":{"line":36,"column":4},"end":{"line":36,"column":95}},"54":{"start":{"line":36,"column":75},"end":{"line":36,"column":94}},"55":{"start":{"line":37,"column":4},"end":{"line":37,"column":98}},"56":{"start":{"line":37,"column":78},"end":{"line":37,"column":97}},"57":{"start":{"line":38,"column":4},"end":{"line":38,"column":97}},"58":{"start":{"line":38,"column":77},"end":{"line":38,"column":96}},"59":{"start":{"line":40,"column":4},"end":{"line":40,"column":77}},"60":{"start":{"line":40,"column":57},"end":{"line":40,"column":76}},"61":{"start":{"line":41,"column":4},"end":{"line":41,"column":84}},"62":{"start":{"line":41,"column":64},"end":{"line":41,"column":83}},"63":{"start":{"line":42,"column":4},"end":{"line":42,"column":77}},"64":{"start":{"line":42,"column":57},"end":{"line":42,"column":76}},"65":{"start":{"line":44,"column":4},"end":{"line":44,"column":84}},"66":{"start":{"line":44,"column":64},"end":{"line":44,"column":83}},"67":{"start":{"line":45,"column":4},"end":{"line":45,"column":91}},"68":{"start":{"line":45,"column":71},"end":{"line":45,"column":90}},"69":{"start":{"line":46,"column":4},"end":{"line":46,"column":84}},"70":{"start":{"line":46,"column":64},"end":{"line":46,"column":83}},"71":{"start":{"line":48,"column":4},"end":{"line":48,"column":77}},"72":{"start":{"line":48,"column":57},"end":{"line":48,"column":76}},"73":{"start":{"line":49,"column":4},"end":{"line":49,"column":84}},"74":{"start":{"line":49,"column":64},"end":{"line":49,"column":83}},"75":{"start":{"line":50,"column":4},"end":{"line":50,"column":77}},"76":{"start":{"line":50,"column":57},"end":{"line":50,"column":76}},"77":{"start":{"line":52,"column":4},"end":{"line":52,"column":106}},"78":{"start":{"line":52,"column":85},"end":{"line":52,"column":105}},"79":{"start":{"line":53,"column":4},"end":{"line":53,"column":106}},"80":{"start":{"line":53,"column":85},"end":{"line":53,"column":105}},"81":{"start":{"line":55,"column":4},"end":{"line":55,"column":25}}},"fnMap":{"0":{"name":"compatibility_score","decl":{"start":{"line":2,"column":9},"end":{"line":2,"column":28}},"loc":{"start":{"line":2,"column":43},"end":{"line":56,"column":3}},"line":2}},"branchMap":{"0":{"loc":{"start":{"line":5,"column":4},"end":{"line":5,"column":95}},"type":"if","locations":[{"start":{"line":5,"column":4},"end":{"line":5,"column":95}},{"start":{},"end":{}}],"line":5},"1":{"loc":{"start":{"line":5,"column":8},"end":{"line":5,"column":72}},"type":"binary-expr","locations":[{"start":{"line":5,"column":8},"end":{"line":5,"column":38}},{"start":{"line":5,"column":42},"end":{"line":5,"column":72}}],"line":5},"2":{"loc":{"start":{"line":6,"column":4},"end":{"line":6,"column":97}},"type":"if","locations":[{"start":{"line":6,"column":4},"end":{"line":6,"column":97}},{"start":{},"end":{}}],"line":6},"3":{"loc":{"start":{"line":6,"column":8},"end":{"line":6,"column":74}},"type":"binary-expr","locations":[{"start":{"line":6,"column":8},"end":{"line":6,"column":39}},{"start":{"line":6,"column":43},"end":{"line":6,"column":74}}],"line":6},"4":{"loc":{"start":{"line":7,"column":4},"end":{"line":7,"column":95}},"type":"if","locations":[{"start":{"line":7,"column":4},"end":{"line":7,"column":95}},{"start":{},"end":{}}],"line":7},"5":{"loc":{"start":{"line":7,"column":8},"end":{"line":7,"column":72}},"type":"binary-expr","locations":[{"start":{"line":7,"column":8},"end":{"line":7,"column":38}},{"start":{"line":7,"column":42},"end":{"line":7,"column":72}}],"line":7},"6":{"loc":{"start":{"line":8,"column":4},"end":{"line":8,"column":97}},"type":"if","locations":[{"start":{"line":8,"column":4},"end":{"line":8,"column":97}},{"start":{},"end":{}}],"line":8},"7":{"loc":{"start":{"line":8,"column":8},"end":{"line":8,"column":74}},"type":"binary-expr","locations":[{"start":{"line":8,"column":8},"end":{"line":8,"column":39}},{"start":{"line":8,"column":43},"end":{"line":8,"column":74}}],"line":8},"8":{"loc":{"start":{"line":10,"column":4},"end":{"line":10,"column":91}},"type":"if","locations":[{"start":{"line":10,"column":4},"end":{"line":10,"column":91}},{"start":{},"end":{}}],"line":10},"9":{"loc":{"start":{"line":10,"column":8},"end":{"line":10,"column":68}},"type":"binary-expr","locations":[{"start":{"line":10,"column":8},"end":{"line":10,"column":36}},{"start":{"line":10,"column":40},"end":{"line":10,"column":68}}],"line":10},"10":{"loc":{"start":{"line":11,"column":4},"end":{"line":11,"column":91}},"type":"if","locations":[{"start":{"line":11,"column":4},"end":{"line":11,"column":91}},{"start":{},"end":{}}],"line":11},"11":{"loc":{"start":{"line":11,"column":8},"end":{"line":11,"column":68}},"type":"binary-expr","locations":[{"start":{"line":11,"column":8},"end":{"line":11,"column":36}},{"start":{"line":11,"column":40},"end":{"line":11,"column":68}}],"line":11},"12":{"loc":{"start":{"line":12,"column":4},"end":{"line":12,"column":92}},"type":"if","locations":[{"start":{"line":12,"column":4},"end":{"line":12,"column":92}},{"start":{},"end":{}}],"line":12},"13":{"loc":{"start":{"line":12,"column":8},"end":{"line":12,"column":69}},"type":"binary-expr","locations":[{"start":{"line":12,"column":8},"end":{"line":12,"column":36}},{"start":{"line":12,"column":40},"end":{"line":12,"column":69}}],"line":12},"14":{"loc":{"start":{"line":13,"column":4},"end":{"line":13,"column":97}},"type":"if","locations":[{"start":{"line":13,"column":4},"end":{"line":13,"column":97}},{"start":{},"end":{}}],"line":13},"15":{"loc":{"start":{"line":13,"column":8},"end":{"line":13,"column":72}},"type":"binary-expr","locations":[{"start":{"line":13,"column":8},"end":{"line":13,"column":36}},{"start":{"line":13,"column":40},"end":{"line":13,"column":72}}],"line":13},"16":{"loc":{"start":{"line":14,"column":4},"end":{"line":14,"column":94}},"type":"if","locations":[{"start":{"line":14,"column":4},"end":{"line":14,"column":94}},{"start":{},"end":{}}],"line":14},"17":{"loc":{"start":{"line":14,"column":8},"end":{"line":14,"column":71}},"type":"binary-expr","locations":[{"start":{"line":14,"column":8},"end":{"line":14,"column":36}},{"start":{"line":14,"column":40},"end":{"line":14,"column":71}}],"line":14},"18":{"loc":{"start":{"line":16,"column":4},"end":{"line":16,"column":91}},"type":"if","locations":[{"start":{"line":16,"column":4},"end":{"line":16,"column":91}},{"start":{},"end":{}}],"line":16},"19":{"loc":{"start":{"line":16,"column":8},"end":{"line":16,"column":68}},"type":"binary-expr","locations":[{"start":{"line":16,"column":8},"end":{"line":16,"column":36}},{"start":{"line":16,"column":40},"end":{"line":16,"column":68}}],"line":16},"20":{"loc":{"start":{"line":17,"column":4},"end":{"line":17,"column":91}},"type":"if","locations":[{"start":{"line":17,"column":4},"end":{"line":17,"column":91}},{"start":{},"end":{}}],"line":17},"21":{"loc":{"start":{"line":17,"column":8},"end":{"line":17,"column":68}},"type":"binary-expr","locations":[{"start":{"line":17,"column":8},"end":{"line":17,"column":36}},{"start":{"line":17,"column":40},"end":{"line":17,"column":68}}],"line":17},"22":{"loc":{"start":{"line":18,"column":4},"end":{"line":18,"column":92}},"type":"if","locations":[{"start":{"line":18,"column":4},"end":{"line":18,"column":92}},{"start":{},"end":{}}],"line":18},"23":{"loc":{"start":{"line":18,"column":8},"end":{"line":18,"column":69}},"type":"binary-expr","locations":[{"start":{"line":18,"column":8},"end":{"line":18,"column":36}},{"start":{"line":18,"column":40},"end":{"line":18,"column":69}}],"line":18},"24":{"loc":{"start":{"line":19,"column":4},"end":{"line":19,"column":95}},"type":"if","locations":[{"start":{"line":19,"column":4},"end":{"line":19,"column":95}},{"start":{},"end":{}}],"line":19},"25":{"loc":{"start":{"line":19,"column":8},"end":{"line":19,"column":72}},"type":"binary-expr","locations":[{"start":{"line":19,"column":8},"end":{"line":19,"column":36}},{"start":{"line":19,"column":40},"end":{"line":19,"column":72}}],"line":19},"26":{"loc":{"start":{"line":20,"column":4},"end":{"line":20,"column":96}},"type":"if","locations":[{"start":{"line":20,"column":4},"end":{"line":20,"column":96}},{"start":{},"end":{}}],"line":20},"27":{"loc":{"start":{"line":20,"column":8},"end":{"line":20,"column":71}},"type":"binary-expr","locations":[{"start":{"line":20,"column":8},"end":{"line":20,"column":36}},{"start":{"line":20,"column":40},"end":{"line":20,"column":71}}],"line":20},"28":{"loc":{"start":{"line":22,"column":4},"end":{"line":22,"column":92}},"type":"if","locations":[{"start":{"line":22,"column":4},"end":{"line":22,"column":92}},{"start":{},"end":{}}],"line":22},"29":{"loc":{"start":{"line":22,"column":8},"end":{"line":22,"column":69}},"type":"binary-expr","locations":[{"start":{"line":22,"column":8},"end":{"line":22,"column":37}},{"start":{"line":22,"column":41},"end":{"line":22,"column":69}}],"line":22},"30":{"loc":{"start":{"line":23,"column":4},"end":{"line":23,"column":92}},"type":"if","locations":[{"start":{"line":23,"column":4},"end":{"line":23,"column":92}},{"start":{},"end":{}}],"line":23},"31":{"loc":{"start":{"line":23,"column":8},"end":{"line":23,"column":69}},"type":"binary-expr","locations":[{"start":{"line":23,"column":8},"end":{"line":23,"column":37}},{"start":{"line":23,"column":41},"end":{"line":23,"column":69}}],"line":23},"32":{"loc":{"start":{"line":24,"column":4},"end":{"line":24,"column":93}},"type":"if","locations":[{"start":{"line":24,"column":4},"end":{"line":24,"column":93}},{"start":{},"end":{}}],"line":24},"33":{"loc":{"start":{"line":24,"column":8},"end":{"line":24,"column":70}},"type":"binary-expr","locations":[{"start":{"line":24,"column":8},"end":{"line":24,"column":37}},{"start":{"line":24,"column":41},"end":{"line":24,"column":70}}],"line":24},"34":{"loc":{"start":{"line":25,"column":4},"end":{"line":25,"column":96}},"type":"if","locations":[{"start":{"line":25,"column":4},"end":{"line":25,"column":96}},{"start":{},"end":{}}],"line":25},"35":{"loc":{"start":{"line":25,"column":8},"end":{"line":25,"column":73}},"type":"binary-expr","locations":[{"start":{"line":25,"column":8},"end":{"line":25,"column":37}},{"start":{"line":25,"column":41},"end":{"line":25,"column":73}}],"line":25},"36":{"loc":{"start":{"line":26,"column":4},"end":{"line":26,"column":95}},"type":"if","locations":[{"start":{"line":26,"column":4},"end":{"line":26,"column":95}},{"start":{},"end":{}}],"line":26},"37":{"loc":{"start":{"line":26,"column":8},"end":{"line":26,"column":72}},"type":"binary-expr","locations":[{"start":{"line":26,"column":8},"end":{"line":26,"column":37}},{"start":{"line":26,"column":41},"end":{"line":26,"column":72}}],"line":26},"38":{"loc":{"start":{"line":28,"column":4},"end":{"line":28,"column":97}},"type":"if","locations":[{"start":{"line":28,"column":4},"end":{"line":28,"column":97}},{"start":{},"end":{}}],"line":28},"39":{"loc":{"start":{"line":28,"column":8},"end":{"line":28,"column":72}},"type":"binary-expr","locations":[{"start":{"line":28,"column":8},"end":{"line":28,"column":40}},{"start":{"line":28,"column":44},"end":{"line":28,"column":72}}],"line":28},"40":{"loc":{"start":{"line":29,"column":4},"end":{"line":29,"column":95}},"type":"if","locations":[{"start":{"line":29,"column":4},"end":{"line":29,"column":95}},{"start":{},"end":{}}],"line":29},"41":{"loc":{"start":{"line":29,"column":8},"end":{"line":29,"column":72}},"type":"binary-expr","locations":[{"start":{"line":29,"column":8},"end":{"line":29,"column":40}},{"start":{"line":29,"column":44},"end":{"line":29,"column":72}}],"line":29},"42":{"loc":{"start":{"line":30,"column":4},"end":{"line":30,"column":96}},"type":"if","locations":[{"start":{"line":30,"column":4},"end":{"line":30,"column":96}},{"start":{},"end":{}}],"line":30},"43":{"loc":{"start":{"line":30,"column":8},"end":{"line":30,"column":73}},"type":"binary-expr","locations":[{"start":{"line":30,"column":8},"end":{"line":30,"column":40}},{"start":{"line":30,"column":44},"end":{"line":30,"column":73}}],"line":30},"44":{"loc":{"start":{"line":31,"column":4},"end":{"line":31,"column":99}},"type":"if","locations":[{"start":{"line":31,"column":4},"end":{"line":31,"column":99}},{"start":{},"end":{}}],"line":31},"45":{"loc":{"start":{"line":31,"column":8},"end":{"line":31,"column":76}},"type":"binary-expr","locations":[{"start":{"line":31,"column":8},"end":{"line":31,"column":40}},{"start":{"line":31,"column":44},"end":{"line":31,"column":76}}],"line":31},"46":{"loc":{"start":{"line":32,"column":4},"end":{"line":32,"column":98}},"type":"if","locations":[{"start":{"line":32,"column":4},"end":{"line":32,"column":98}},{"start":{},"end":{}}],"line":32},"47":{"loc":{"start":{"line":32,"column":8},"end":{"line":32,"column":75}},"type":"binary-expr","locations":[{"start":{"line":32,"column":8},"end":{"line":32,"column":40}},{"start":{"line":32,"column":44},"end":{"line":32,"column":75}}],"line":32},"48":{"loc":{"start":{"line":34,"column":4},"end":{"line":34,"column":94}},"type":"if","locations":[{"start":{"line":34,"column":4},"end":{"line":34,"column":94}},{"start":{},"end":{}}],"line":34},"49":{"loc":{"start":{"line":34,"column":8},"end":{"line":34,"column":71}},"type":"binary-expr","locations":[{"start":{"line":34,"column":8},"end":{"line":34,"column":39}},{"start":{"line":34,"column":43},"end":{"line":34,"column":71}}],"line":34},"50":{"loc":{"start":{"line":35,"column":4},"end":{"line":35,"column":96}},"type":"if","locations":[{"start":{"line":35,"column":4},"end":{"line":35,"column":96}},{"start":{},"end":{}}],"line":35},"51":{"loc":{"start":{"line":35,"column":8},"end":{"line":35,"column":71}},"type":"binary-expr","locations":[{"start":{"line":35,"column":8},"end":{"line":35,"column":39}},{"start":{"line":35,"column":43},"end":{"line":35,"column":71}}],"line":35},"52":{"loc":{"start":{"line":36,"column":4},"end":{"line":36,"column":95}},"type":"if","locations":[{"start":{"line":36,"column":4},"end":{"line":36,"column":95}},{"start":{},"end":{}}],"line":36},"53":{"loc":{"start":{"line":36,"column":8},"end":{"line":36,"column":72}},"type":"binary-expr","locations":[{"start":{"line":36,"column":8},"end":{"line":36,"column":39}},{"start":{"line":36,"column":43},"end":{"line":36,"column":72}}],"line":36},"54":{"loc":{"start":{"line":37,"column":4},"end":{"line":37,"column":98}},"type":"if","locations":[{"start":{"line":37,"column":4},"end":{"line":37,"column":98}},{"start":{},"end":{}}],"line":37},"55":{"loc":{"start":{"line":37,"column":8},"end":{"line":37,"column":75}},"type":"binary-expr","locations":[{"start":{"line":37,"column":8},"end":{"line":37,"column":39}},{"start":{"line":37,"column":43},"end":{"line":37,"column":75}}],"line":37},"56":{"loc":{"start":{"line":38,"column":4},"end":{"line":38,"column":97}},"type":"if","locations":[{"start":{"line":38,"column":4},"end":{"line":38,"column":97}},{"start":{},"end":{}}],"line":38},"57":{"loc":{"start":{"line":38,"column":8},"end":{"line":38,"column":74}},"type":"binary-expr","locations":[{"start":{"line":38,"column":8},"end":{"line":38,"column":39}},{"start":{"line":38,"column":43},"end":{"line":38,"column":74}}],"line":38},"58":{"loc":{"start":{"line":40,"column":4},"end":{"line":40,"column":77}},"type":"if","locations":[{"start":{"line":40,"column":4},"end":{"line":40,"column":77}},{"start":{},"end":{}}],"line":40},"59":{"loc":{"start":{"line":40,"column":8},"end":{"line":40,"column":54}},"type":"binary-expr","locations":[{"start":{"line":40,"column":8},"end":{"line":40,"column":29}},{"start":{"line":40,"column":33},"end":{"line":40,"column":54}}],"line":40},"60":{"loc":{"start":{"line":41,"column":4},"end":{"line":41,"column":84}},"type":"if","locations":[{"start":{"line":41,"column":4},"end":{"line":41,"column":84}},{"start":{},"end":{}}],"line":41},"61":{"loc":{"start":{"line":41,"column":8},"end":{"line":41,"column":61}},"type":"binary-expr","locations":[{"start":{"line":41,"column":8},"end":{"line":41,"column":29}},{"start":{"line":41,"column":33},"end":{"line":41,"column":61}}],"line":41},"62":{"loc":{"start":{"line":42,"column":4},"end":{"line":42,"column":77}},"type":"if","locations":[{"start":{"line":42,"column":4},"end":{"line":42,"column":77}},{"start":{},"end":{}}],"line":42},"63":{"loc":{"start":{"line":42,"column":8},"end":{"line":42,"column":54}},"type":"binary-expr","locations":[{"start":{"line":42,"column":8},"end":{"line":42,"column":29}},{"start":{"line":42,"column":33},"end":{"line":42,"column":54}}],"line":42},"64":{"loc":{"start":{"line":44,"column":4},"end":{"line":44,"column":84}},"type":"if","locations":[{"start":{"line":44,"column":4},"end":{"line":44,"column":84}},{"start":{},"end":{}}],"line":44},"65":{"loc":{"start":{"line":44,"column":8},"end":{"line":44,"column":61}},"type":"binary-expr","locations":[{"start":{"line":44,"column":8},"end":{"line":44,"column":36}},{"start":{"line":44,"column":40},"end":{"line":44,"column":61}}],"line":44},"66":{"loc":{"start":{"line":45,"column":4},"end":{"line":45,"column":91}},"type":"if","locations":[{"start":{"line":45,"column":4},"end":{"line":45,"column":91}},{"start":{},"end":{}}],"line":45},"67":{"loc":{"start":{"line":45,"column":8},"end":{"line":45,"column":68}},"type":"binary-expr","locations":[{"start":{"line":45,"column":8},"end":{"line":45,"column":36}},{"start":{"line":45,"column":40},"end":{"line":45,"column":68}}],"line":45},"68":{"loc":{"start":{"line":46,"column":4},"end":{"line":46,"column":84}},"type":"if","locations":[{"start":{"line":46,"column":4},"end":{"line":46,"column":84}},{"start":{},"end":{}}],"line":46},"69":{"loc":{"start":{"line":46,"column":8},"end":{"line":46,"column":61}},"type":"binary-expr","locations":[{"start":{"line":46,"column":8},"end":{"line":46,"column":36}},{"start":{"line":46,"column":40},"end":{"line":46,"column":61}}],"line":46},"70":{"loc":{"start":{"line":48,"column":4},"end":{"line":48,"column":77}},"type":"if","locations":[{"start":{"line":48,"column":4},"end":{"line":48,"column":77}},{"start":{},"end":{}}],"line":48},"71":{"loc":{"start":{"line":48,"column":8},"end":{"line":48,"column":54}},"type":"binary-expr","locations":[{"start":{"line":48,"column":8},"end":{"line":48,"column":29}},{"start":{"line":48,"column":33},"end":{"line":48,"column":54}}],"line":48},"72":{"loc":{"start":{"line":49,"column":4},"end":{"line":49,"column":84}},"type":"if","locations":[{"start":{"line":49,"column":4},"end":{"line":49,"column":84}},{"start":{},"end":{}}],"line":49},"73":{"loc":{"start":{"line":49,"column":8},"end":{"line":49,"column":61}},"type":"binary-expr","locations":[{"start":{"line":49,"column":8},"end":{"line":49,"column":29}},{"start":{"line":49,"column":33},"end":{"line":49,"column":61}}],"line":49},"74":{"loc":{"start":{"line":50,"column":4},"end":{"line":50,"column":77}},"type":"if","locations":[{"start":{"line":50,"column":4},"end":{"line":50,"column":77}},{"start":{},"end":{}}],"line":50},"75":{"loc":{"start":{"line":50,"column":8},"end":{"line":50,"column":54}},"type":"binary-expr","locations":[{"start":{"line":50,"column":8},"end":{"line":50,"column":29}},{"start":{"line":50,"column":33},"end":{"line":50,"column":54}}],"line":50},"76":{"loc":{"start":{"line":52,"column":4},"end":{"line":52,"column":106}},"type":"if","locations":[{"start":{"line":52,"column":4},"end":{"line":52,"column":106}},{"start":{},"end":{}}],"line":52},"77":{"loc":{"start":{"line":53,"column":4},"end":{"line":53,"column":106}},"type":"if","locations":[{"start":{"line":53,"column":4},"end":{"line":53,"column":106}},{"start":{},"end":{}}],"line":53}},"s":{"0":0,"1":0,"2":0,"3":0,"4":0,"5":0,"6":0,"7":0,"8":0,"9":0,"10":0,"11":0,"12":0,"13":0,"14":0,"15":0,"16":0,"17":0,"18":0,"19":0,"20":0,"21":0,"22":0,"23":0,"24":0,"25":0,"26":0,"27":0,"28":0,"29":0,"30":0,"31":0,"32":0,"33":0,"34":0,"35":0,"36":0,"37":0,"38":0,"39":0,"40":0,"41":0,"42":0,"43":0,"44":0,"45":0,"46":0,"47":0,"48":0,"49":0,"50":0,"51":0,"52":0,"53":0,"54":0,"55":0,"56":0,"57":0,"58":0,"59":0,"60":0,"61":0,"62":0,"63":0,"64":0,"65":0,"66":0,"67":0,"68":0,"69":0,"70":0,"71":0,"72":0,"73":0,"74":0,"75":0,"76":0,"77":0,"78":0,"79":0,"80":0,"81":0},"f":{"0":0},"b":{"0":[0,0],"1":[0,0],"2":[0,0],"3":[0,0],"4":[0,0],"5":[0,0],"6":[0,0],"7":[0,0],"8":[0,0],"9":[0,0],"10":[0,0],"11":[0,0],"12":[0,0],"13":[0,0],"14":[0,0],"15":[0,0],"16":[0,0],"17":[0,0],"18":[0,0],"19":[0,0],"20":[0,0],"21":[0,0],"22":[0,0],"23":[0,0],"24":[0,0],"25":[0,0],"26":[0,0],"27":[0,0],"28":[0,0],"29":[0,0],"30":[0,0],"31":[0,0],"32":[0,0],"33":[0,0],"34":[0,0],"35":[0,0],"36":[0,0],"37":[0,0],"38":[0,0],"39":[0,0],"40":[0,0],"41":[0,0],"42":[0,0],"43":[0,0],"44":[0,0],"45":[0,0],"46":[0,0],"47":[0,0],"48":[0,0],"49":[0,0],"50":[0,0],"51":[0,0],"52":[0,0],"53":[0,0],"54":[0,0],"55":[0,0],"56":[0,0],"57":[0,0],"58":[0,0],"59":[0,0],"60":[0,0],"61":[0,0],"62":[0,0],"63":[0,0],"64":[0,0],"65":[0,0],"66":[0,0],"67":[0,0],"68":[0,0],"69":[0,0],"70":[0,0],"71":[0,0],"72":[0,0],"73":[0,0],"74":[0,0],"75":[0,0],"76":[0,0],"77":[0,0]},"_coverageSchema":"1a1c01bbd47fc00a2c39e90264f33305004495a9","hash":"67bc6cbc867c66c5214612065a4bbdc332bc5a63"}
}
