TN:
SF:src/app.js
FN:11,(anonymous_0)
FNF:1
FNH:0
FNDA:0,(anonymous_0)
DA:1,1
DA:2,1
DA:3,1
DA:5,1
DA:6,1
DA:7,1
DA:9,1
DA:11,1
DA:12,0
DA:15,1
DA:17,1
LF:11
LH:10
BRF:0
BRH:0
end_of_record
TN:
SF:src/controllers/users.controller.js
FN:7,(anonymous_0)
FN:17,(anonymous_1)
FNF:2
FNH:1
FNDA:1,(anonymous_0)
FNDA:0,(anonymous_1)
DA:4,1
DA:5,1
DA:7,1
DA:8,1
DA:9,1
DA:10,1
DA:11,1
DA:13,0
DA:17,1
DA:18,0
DA:19,0
DA:20,0
DA:21,0
DA:23,0
DA:26,1
LF:15
LH:9
BRF:0
BRH:0
end_of_record
TN:
SF:src/models/users.model.js
FNF:0
FNH:0
DA:1,1
DA:3,1
DA:5,1
DA:57,1
LF:4
LH:4
BRF:0
BRH:0
end_of_record
TN:
SF:src/repository/users.respository.js
FN:3,(anonymous_0)
FN:7,(anonymous_1)
FNF:2
FNH:1
FNDA:1,(anonymous_0)
FNDA:0,(anonymous_1)
DA:1,1
DA:3,1
DA:4,1
DA:7,1
DA:8,0
DA:11,1
LF:6
LH:5
BRF:0
BRH:0
end_of_record
TN:
SF:src/routes/users.route.js
FNF:0
FNH:0
DA:1,1
DA:6,1
DA:8,1
DA:10,1
DA:12,1
DA:14,1
LF:6
LH:6
BRF:0
BRH:0
end_of_record
TN:
SF:src/services/users.service.js
FN:2,compatibility_score
FNF:1
FNH:0
FNDA:0,compatibility_score
DA:3,0
DA:5,0
DA:6,0
DA:7,0
DA:8,0
DA:10,0
DA:11,0
DA:12,0
DA:13,0
DA:14,0
DA:16,0
DA:17,0
DA:18,0
DA:19,0
DA:20,0
DA:22,0
DA:23,0
DA:24,0
DA:25,0
DA:26,0
DA:28,0
DA:29,0
DA:30,0
DA:31,0
DA:32,0
DA:34,0
DA:35,0
DA:36,0
DA:37,0
DA:38,0
DA:40,0
DA:41,0
DA:42,0
DA:44,0
DA:45,0
DA:46,0
DA:48,0
DA:49,0
DA:50,0
DA:52,0
DA:53,0
DA:55,0
LF:42
LH:0
BRDA:5,0,0,0
BRDA:5,0,1,0
BRDA:5,1,0,0
BRDA:5,1,1,0
BRDA:6,2,0,0
BRDA:6,2,1,0
BRDA:6,3,0,0
BRDA:6,3,1,0
BRDA:7,4,0,0
BRDA:7,4,1,0
BRDA:7,5,0,0
BRDA:7,5,1,0
BRDA:8,6,0,0
BRDA:8,6,1,0
BRDA:8,7,0,0
BRDA:8,7,1,0
BRDA:10,8,0,0
BRDA:10,8,1,0
BRDA:10,9,0,0
BRDA:10,9,1,0
BRDA:11,10,0,0
BRDA:11,10,1,0
BRDA:11,11,0,0
BRDA:11,11,1,0
BRDA:12,12,0,0
BRDA:12,12,1,0
BRDA:12,13,0,0
BRDA:12,13,1,0
BRDA:13,14,0,0
BRDA:13,14,1,0
BRDA:13,15,0,0
BRDA:13,15,1,0
BRDA:14,16,0,0
BRDA:14,16,1,0
BRDA:14,17,0,0
BRDA:14,17,1,0
BRDA:16,18,0,0
BRDA:16,18,1,0
BRDA:16,19,0,0
BRDA:16,19,1,0
BRDA:17,20,0,0
BRDA:17,20,1,0
BRDA:17,21,0,0
BRDA:17,21,1,0
BRDA:18,22,0,0
BRDA:18,22,1,0
BRDA:18,23,0,0
BRDA:18,23,1,0
BRDA:19,24,0,0
BRDA:19,24,1,0
BRDA:19,25,0,0
BRDA:19,25,1,0
BRDA:20,26,0,0
BRDA:20,26,1,0
BRDA:20,27,0,0
BRDA:20,27,1,0
BRDA:22,28,0,0
BRDA:22,28,1,0
BRDA:22,29,0,0
BRDA:22,29,1,0
BRDA:23,30,0,0
BRDA:23,30,1,0
BRDA:23,31,0,0
BRDA:23,31,1,0
BRDA:24,32,0,0
BRDA:24,32,1,0
BRDA:24,33,0,0
BRDA:24,33,1,0
BRDA:25,34,0,0
BRDA:25,34,1,0
BRDA:25,35,0,0
BRDA:25,35,1,0
BRDA:26,36,0,0
BRDA:26,36,1,0
BRDA:26,37,0,0
BRDA:26,37,1,0
BRDA:28,38,0,0
BRDA:28,38,1,0
BRDA:28,39,0,0
BRDA:28,39,1,0
BRDA:29,40,0,0
BRDA:29,40,1,0
BRDA:29,41,0,0
BRDA:29,41,1,0
BRDA:30,42,0,0
BRDA:30,42,1,0
BRDA:30,43,0,0
BRDA:30,43,1,0
BRDA:31,44,0,0
BRDA:31,44,1,0
BRDA:31,45,0,0
BRDA:31,45,1,0
BRDA:32,46,0,0
BRDA:32,46,1,0
BRDA:32,47,0,0
BRDA:32,47,1,0
BRDA:34,48,0,0
BRDA:34,48,1,0
BRDA:34,49,0,0
BRDA:34,49,1,0
BRDA:35,50,0,0
BRDA:35,50,1,0
BRDA:35,51,0,0
BRDA:35,51,1,0
BRDA:36,52,0,0
BRDA:36,52,1,0
BRDA:36,53,0,0
BRDA:36,53,1,0
BRDA:37,54,0,0
BRDA:37,54,1,0
BRDA:37,55,0,0
BRDA:37,55,1,0
BRDA:38,56,0,0
BRDA:38,56,1,0
BRDA:38,57,0,0
BRDA:38,57,1,0
BRDA:40,58,0,0
BRDA:40,58,1,0
BRDA:40,59,0,0
BRDA:40,59,1,0
BRDA:41,60,0,0
BRDA:41,60,1,0
BRDA:41,61,0,0
BRDA:41,61,1,0
BRDA:42,62,0,0
BRDA:42,62,1,0
BRDA:42,63,0,0
BRDA:42,63,1,0
BRDA:44,64,0,0
BRDA:44,64,1,0
BRDA:44,65,0,0
BRDA:44,65,1,0
BRDA:45,66,0,0
BRDA:45,66,1,0
BRDA:45,67,0,0
BRDA:45,67,1,0
BRDA:46,68,0,0
BRDA:46,68,1,0
BRDA:46,69,0,0
BRDA:46,69,1,0
BRDA:48,70,0,0
BRDA:48,70,1,0
BRDA:48,71,0,0
BRDA:48,71,1,0
BRDA:49,72,0,0
BRDA:49,72,1,0
BRDA:49,73,0,0
BRDA:49,73,1,0
BRDA:50,74,0,0
BRDA:50,74,1,0
BRDA:50,75,0,0
BRDA:50,75,1,0
BRDA:52,76,0,0
BRDA:52,76,1,0
BRDA:53,77,0,0
BRDA:53,77,1,0
BRF:156
BRH:0
end_of_record
